#
# There is insufficient memory for the Java Runtime Environment to continue.
# Native memory allocation (mmap) failed to map 268435456 bytes for Failed to commit area from 0x0000000701600000 to 0x0000000711600000 of length 268435456.
# Possible reasons:
#   The system is out of physical RAM or swap space
#   The process is running with CompressedOops enabled, and the Java Heap may be blocking the growth of the native heap
# Possible solutions:
#   Reduce memory load on the system
#   Increase physical memory or swap space
#   Check if swap backing store is full
#   Decrease Java heap size (-Xmx/-Xms)
#   Decrease number of Java threads
#   Decrease Java thread stack sizes (-Xss)
#   Set larger code cache with -XX:ReservedCodeCacheSize=
# This output file may be truncated or incomplete.
#
#  Out of Memory Error (./src/hotspot/os/windows/os_windows.cpp:3387), pid=18124, tid=21840
#
# JRE version:  (11.0.14.1+1) (build )
# Java VM: OpenJDK 64-Bit Server VM (11.0.14.1+1, mixed mode, sharing, tiered, compressed oops, g1 gc, windows-amd64)
# No core dump will be written. Minidumps are not enabled by default on client versions of Windows
#

---------------  S U M M A R Y ------------

Command Line: -Dfile.encoding=UTF-8 

Host: Intel(R) Core(TM) i7-9700K CPU @ 3.60GHz, 8 cores, 15G,  Windows 11 , 64 bit Build 22621 (10.0.22621.3374)
Time: Wed May  1 20:53:07 2024 Hora de verano GMT elapsed time: 0.009223 seconds (0d 0h 0m 0s)

---------------  T H R E A D  ---------------

Current thread (0x000001e3d09fe000):  JavaThread "Unknown thread" [_thread_in_vm, id=21840, stack(0x000000abc6900000,0x000000abc6a00000)]

Stack: [0x000000abc6900000,0x000000abc6a00000]
Native frames: (J=compiled Java code, j=interpreted, Vv=VM code, C=native code)
V  [jvm.dll+0x61e59a]
V  [jvm.dll+0x7aaca9]
V  [jvm.dll+0x7ac398]
V  [jvm.dll+0x7aca73]
V  [jvm.dll+0x24f9b8]
V  [jvm.dll+0x61b83a]
V  [jvm.dll+0x6100c5]
V  [jvm.dll+0x30772c]
V  [jvm.dll+0x3075b2]
V  [jvm.dll+0x30c2d6]
V  [jvm.dll+0x35272f]
V  [jvm.dll+0x352160]
V  [jvm.dll+0x2e4728]
V  [jvm.dll+0x2e5886]
V  [jvm.dll+0x784b07]
V  [jvm.dll+0x78628f]
V  [jvm.dll+0x35f479]
V  [jvm.dll+0x767aa0]
V  [jvm.dll+0x3ccf1f]
V  [jvm.dll+0x3cf2b1]
C  [jli.dll+0x5207]
C  [ucrtbase.dll+0x29333]
C  [KERNEL32.DLL+0x1257d]
C  [ntdll.dll+0x5aa48]


---------------  P R O C E S S  ---------------

Threads class SMR info:
_java_thread_list=0x000001e3d0927f40, length=0, elements={
}

Java Threads: ( => current thread )

Other Threads:
  0x000001e3d2c08800 GCTaskThread "GC Thread#0" [stack: 0x000000abc6a00000,0x000000abc6b00000] [id=19080]
  0x000001e3d2c6a000 ConcurrentGCThread "G1 Main Marker" [stack: 0x000000abc6b00000,0x000000abc6c00000] [id=19352]
  0x000001e3d2c6b800 ConcurrentGCThread "G1 Conc#0" [stack: 0x000000abc6c00000,0x000000abc6d00000] [id=35820]

[error occurred during error reporting (printing all threads), id 0xc0000005, EXCEPTION_ACCESS_VIOLATION (0xc0000005) at pc=0x00007ffd6c4b3ef7]

VM state:not at safepoint (not fully initialized)

VM Mutex/Monitor currently owned by a thread:  ([mutex/lock_event])
[0x000001e3d09fa6f0] Heap_lock - owner thread: 0x000001e3d09fe000

Heap address: 0x0000000701600000, size: 4074 MB, Compressed Oops mode: Non-zero based: 0x0000000701600000
Narrow klass base: 0x0000000000000000, Narrow klass shift: 0

GC Heap History (0 events):
No events

Deoptimization events (0 events):
No events

Classes redefined (0 events):
No events

Internal exceptions (0 events):
No events

Events (1 events):
Event: 0.005 Loaded shared library C:\Program Files\Unity\Hub\Editor\2022.3.9f1\Editor\Data\PlaybackEngines\AndroidPlayer\OpenJDK\bin\zip.dll


Dynamic libraries:
0x00007ff617130000 - 0x00007ff61713d000 	C:\Program Files\Unity\Hub\Editor\2022.3.9f1\Editor\Data\PlaybackEngines\AndroidPlayer\OpenJDK\bin\java.exe
0x00007ffdb5330000 - 0x00007ffdb5546000 	C:\WINDOWS\SYSTEM32\ntdll.dll
0x00007ffdb50f0000 - 0x00007ffdb51b4000 	C:\WINDOWS\System32\KERNEL32.DLL
0x00007ffdb29d0000 - 0x00007ffdb2d77000 	C:\WINDOWS\System32\KERNELBASE.dll
0x00007ffdb2d80000 - 0x00007ffdb2e91000 	C:\WINDOWS\System32\ucrtbase.dll
0x00007ffdadba0000 - 0x00007ffdadbb7000 	C:\Program Files\Unity\Hub\Editor\2022.3.9f1\Editor\Data\PlaybackEngines\AndroidPlayer\OpenJDK\bin\jli.dll
0x00007ffdac4f0000 - 0x00007ffdac505000 	C:\Program Files\Unity\Hub\Editor\2022.3.9f1\Editor\Data\PlaybackEngines\AndroidPlayer\OpenJDK\bin\VCRUNTIME140.dll
0x00007ffdb33f0000 - 0x00007ffdb359e000 	C:\WINDOWS\System32\USER32.dll
0x00007ffdb29a0000 - 0x00007ffdb29c6000 	C:\WINDOWS\System32\win32u.dll
0x00007ffda4730000 - 0x00007ffda49c3000 	C:\WINDOWS\WinSxS\amd64_microsoft.windows.common-controls_6595b64144ccf1df_6.0.22621.3235_none_270f74e173860f98\COMCTL32.dll
0x00007ffdb3140000 - 0x00007ffdb3169000 	C:\WINDOWS\System32\GDI32.dll
0x00007ffdb35a0000 - 0x00007ffdb3647000 	C:\WINDOWS\System32\msvcrt.dll
0x00007ffdb2f10000 - 0x00007ffdb3029000 	C:\WINDOWS\System32\gdi32full.dll
0x00007ffdb2900000 - 0x00007ffdb299a000 	C:\WINDOWS\System32\msvcp_win.dll
0x00007ffdb46c0000 - 0x00007ffdb46f1000 	C:\WINDOWS\System32\IMM32.DLL
0x00007ffd93010000 - 0x00007ffd930ab000 	C:\Program Files\Unity\Hub\Editor\2022.3.9f1\Editor\Data\PlaybackEngines\AndroidPlayer\OpenJDK\bin\msvcp140.dll
0x00007ffd6c1c0000 - 0x00007ffd6cd41000 	C:\Program Files\Unity\Hub\Editor\2022.3.9f1\Editor\Data\PlaybackEngines\AndroidPlayer\OpenJDK\bin\server\jvm.dll
0x00007ffdb4fc0000 - 0x00007ffdb5072000 	C:\WINDOWS\System32\ADVAPI32.dll
0x00007ffdb3b30000 - 0x00007ffdb3bd8000 	C:\WINDOWS\System32\sechost.dll
0x00007ffdb3030000 - 0x00007ffdb3058000 	C:\WINDOWS\System32\bcrypt.dll
0x00007ffdb3170000 - 0x00007ffdb3285000 	C:\WINDOWS\System32\RPCRT4.dll
0x00007ffdb5240000 - 0x00007ffdb5248000 	C:\WINDOWS\System32\PSAPI.DLL
0x00007ffdac0d0000 - 0x00007ffdac104000 	C:\WINDOWS\SYSTEM32\WINMM.dll
0x00007ffdaa1a0000 - 0x00007ffdaa1a9000 	C:\WINDOWS\SYSTEM32\WSOCK32.dll
0x00007ffdac010000 - 0x00007ffdac01a000 	C:\WINDOWS\SYSTEM32\VERSION.dll
0x00007ffdb4f40000 - 0x00007ffdb4fb1000 	C:\WINDOWS\System32\WS2_32.dll
0x00007ffdb1690000 - 0x00007ffdb16a8000 	C:\WINDOWS\SYSTEM32\kernel.appcore.dll
0x00007ffdaf9a0000 - 0x00007ffdaf9b0000 	C:\Program Files\Unity\Hub\Editor\2022.3.9f1\Editor\Data\PlaybackEngines\AndroidPlayer\OpenJDK\bin\verify.dll
0x00007ffda58a0000 - 0x00007ffda5ad3000 	C:\WINDOWS\SYSTEM32\DBGHELP.DLL
0x00007ffdb4730000 - 0x00007ffdb4ab8000 	C:\WINDOWS\System32\combase.dll
0x00007ffdb3060000 - 0x00007ffdb3137000 	C:\WINDOWS\System32\OLEAUT32.dll
0x00007ffd965b0000 - 0x00007ffd965e2000 	C:\WINDOWS\SYSTEM32\dbgcore.DLL
0x00007ffdb2650000 - 0x00007ffdb26c9000 	C:\WINDOWS\System32\bcryptPrimitives.dll
0x00007ffdaafe0000 - 0x00007ffdab008000 	C:\Program Files\Unity\Hub\Editor\2022.3.9f1\Editor\Data\PlaybackEngines\AndroidPlayer\OpenJDK\bin\java.dll
0x00007ffdac480000 - 0x00007ffdac48a000 	C:\Program Files\Unity\Hub\Editor\2022.3.9f1\Editor\Data\PlaybackEngines\AndroidPlayer\OpenJDK\bin\jimage.dll
0x00007ffdab780000 - 0x00007ffdab798000 	C:\Program Files\Unity\Hub\Editor\2022.3.9f1\Editor\Data\PlaybackEngines\AndroidPlayer\OpenJDK\bin\zip.dll

dbghelp: loaded successfully - version: 4.0.5 - missing functions: none
symbol engine: initialized successfully - sym options: 0x614 - pdb path: .;C:\Program Files\Unity\Hub\Editor\2022.3.9f1\Editor\Data\PlaybackEngines\AndroidPlayer\OpenJDK\bin;C:\WINDOWS\SYSTEM32;C:\WINDOWS\WinSxS\amd64_microsoft.windows.common-controls_6595b64144ccf1df_6.0.22621.3235_none_270f74e173860f98;C:\Program Files\Unity\Hub\Editor\2022.3.9f1\Editor\Data\PlaybackEngines\AndroidPlayer\OpenJDK\bin\server

VM Arguments:
jvm_args: -Dfile.encoding=UTF-8 
java_command: <unknown>
java_class_path (initial): <not set>
Launcher Type: SUN_STANDARD

[Global flags]
     intx CICompilerCount                          = 4                                         {product} {ergonomic}
     uint ConcGCThreads                            = 2                                         {product} {ergonomic}
     uint G1ConcRefinementThreads                  = 8                                         {product} {ergonomic}
   size_t G1HeapRegionSize                         = 1048576                                   {product} {ergonomic}
    uintx GCDrainStackTargetSize                   = 64                                        {product} {ergonomic}
   size_t InitialHeapSize                          = 268435456                                 {product} {ergonomic}
   size_t MarkStackSize                            = 4194304                                   {product} {ergonomic}
   size_t MaxHeapSize                              = 4271898624                                {product} {ergonomic}
   size_t MinHeapDeltaBytes                        = 1048576                                   {product} {ergonomic}
    uintx NonNMethodCodeHeapSize                   = 5836300                                {pd product} {ergonomic}
    uintx NonProfiledCodeHeapSize                  = 122910970                              {pd product} {ergonomic}
    uintx ProfiledCodeHeapSize                     = 122910970                              {pd product} {ergonomic}
    uintx ReservedCodeCacheSize                    = 251658240                              {pd product} {ergonomic}
     bool SegmentedCodeCache                       = true                                      {product} {ergonomic}
     bool UseCompressedClassPointers               = true                                 {lp64_product} {ergonomic}
     bool UseCompressedOops                        = true                                 {lp64_product} {ergonomic}
     bool UseG1GC                                  = true                                      {product} {ergonomic}
     bool UseLargePagesIndividualAllocation        = false                                  {pd product} {ergonomic}

Logging:
Log output configuration:
 #0: stdout all=warning uptime,level,tags
 #1: stderr all=off uptime,level,tags

Environment Variables:
JAVA_HOME=C:\Program Files\Unity\Hub\Editor\2022.3.9f1\Editor\Data\PlaybackEngines\AndroidPlayer\OpenJDK
JAVA_TOOL_OPTIONS=-Dfile.encoding=UTF-8
PATH=C:\WINDOWS\system32;C:\WINDOWS;C:\WINDOWS\System32\Wbem;C:\WINDOWS\System32\WindowsPowerShell\v1.0\;C:\WINDOWS\System32\OpenSSH\;C:\Program Files\dotnet\;C:\Users\HUMMER\AppData\Local\Microsoft\WindowsApps;C:\Users\HUMMER\.dotnet\tools;C:\Users\HUMMER\AppData\Local\GitHubDesktop\bin;C:\Users\HUMMER\AppData\Local\Programs\Microsoft VS Code\bin
USERNAME=HUMMER
OS=Windows_NT
PROCESSOR_IDENTIFIER=Intel64 Family 6 Model 158 Stepping 13, GenuineIntel



---------------  S Y S T E M  ---------------

OS: Windows 11 , 64 bit Build 22621 (10.0.22621.3374)
OS uptime: 3 days 22:09 hours

CPU:total 8 (initial active 8) (8 cores per cpu, 1 threads per core) family 6 model 158 stepping 13 microcode 0xde, cmov, cx8, fxsr, mmx, sse, sse2, sse3, ssse3, sse4.1, sse4.2, popcnt, avx, avx2, aes, clmul, erms, 3dnowpref, lzcnt, tsc, tscinvbit, bmi1, bmi2, adx, fma

Memory: 4k page, system-wide physical 16295M (3125M free)
TotalPageFile size 65447M (AvailPageFile size 257M)
current process WorkingSet (physical memory assigned to process): 10M, peak: 10M
current process commit charge ("private bytes"): 61M, peak: 316M

vm_info: OpenJDK 64-Bit Server VM (11.0.14.1+1) for windows-amd64 JRE (11.0.14.1+1), built on Feb  9 2022 01:48:27 by "" with unknown MS VC++:1916

END.
